Loaded wordlist: Chinese Simplified (2048 words)
Loaded wordlist: Chinese Traditional (2048 words)
Loaded wordlist: Czech (2048 words)
Loaded wordlist: English (2048 words)
Loaded wordlist: French (2048 words)
Loaded wordlist: Italian (2048 words)
Loaded wordlist: Japanese (2048 words)
Loaded wordlist: Korean (2048 words)
Loaded wordlist: Portuguese (2048 words)
Loaded wordlist: Spanish (2048 words)
 * Serving Flask app 'app'
 * Debug mode: on
[31m[1mWARNING: This is a development server. Do not use it in a production deployment. Use a production WSGI server instead.[0m
 * Running on all addresses (0.0.0.0)
 * Running on http://127.0.0.1:5000
 * Running on http://192.168.0.2:5000
[33mPress CTRL+C to quit[0m
 * Restarting with stat
 * Debugger is active!
 * Debugger PIN: 631-326-424
127.0.0.1 - - [17/Jul/2026 06:45:16] "GET / HTTP/1.1" 200 -
127.0.0.1 - - [17/Jul/2026 06:45:17] "POST / HTTP/1.1" 200 -
 * Detected change in '/app/app.py', reloading
Loaded wordlist: Chinese Simplified (2048 words)
Loaded wordlist: Chinese Traditional (2048 words)
Loaded wordlist: Czech (2048 words)
Loaded wordlist: English (2048 words)
Loaded wordlist: French (2048 words)
Loaded wordlist: Italian (2048 words)
Loaded wordlist: Japanese (2048 words)
Loaded wordlist: Korean (2048 words)
Loaded wordlist: Portuguese (2048 words)
Loaded wordlist: Spanish (2048 words)
 * Restarting with stat
 * Debugger is active!
 * Debugger PIN: 631-326-424
